Running tests ...
[1A[KRunning 45 tests in 1 runtime ...
[1A[K[1m[32m45 tests, 113 assertions, 1 runtime ... OK[0m
-------------------|-----------|-----------|-----------|-----------|
File               |   % Stmts |% Branches |   % Funcs |   % Lines |
-------------------|-----------|-----------|-----------|-----------|
   lib/            |       100 |       100 |       100 |       100 |
      cli.js       |       100 |       100 |       100 |       100 |
      repoman.js   |       100 |       100 |       100 |       100 |
   lib/generator/  |       100 |       100 |       100 |       100 |
      github.js    |       100 |       100 |       100 |       100 |
      gitorious.js |       100 |       100 |       100 |       100 |
      local.js     |       100 |       100 |       100 |       100 |
-------------------|-----------|-----------|-----------|-----------|
All files          |       100 |       100 |       100 |       100 |
-------------------|-----------|-----------|-----------|-----------|


=============================== Coverage summary ===============================
Statements   : 100% ( 262/262 )
Branches     : 100% ( 116/116 )
Functions    : 100% ( 58/58 )
Lines        : 100% ( 262/262 )
================================================================================
